<?xml version="1.0" encoding="UTF-8"?>
<!-- Generated by org.testng.reporters.JUnitReportReporter -->
<testsuite hostname="DESKTOP-4JQCKJ4" failures="0" tests="2" name="testRunner.TestRunner" time="28.364" errors="0" timestamp="2021-07-26T17:42:53 NPT" skipped="0">
  <testcase classname="testRunner.TestRunner" name="runScenario" time="17.593"/>
  <system-out/>
  <testcase classname="testRunner.TestRunner" name="runScenario" time="10.771"/>
  <system-out/>
</testsuite> <!-- testRunner.TestRunner -->
