<?xml version="1.0" encoding="UTF-8"?>
<!-- Generated by org.testng.reporters.JUnitReportReporter -->
<testsuite hostname="DESKTOP-4JQCKJ4" failures="0" tests="1" name="testRunner.AmazonTestRunner" time="8.673" errors="0" timestamp="2021-07-26T16:55:28 NPT" skipped="0">
  <testcase classname="testRunner.AmazonTestRunner" name="runScenario" time="8.673"/>
  <system-out/>
</testsuite> <!-- testRunner.AmazonTestRunner -->
